{"/Users/luma/www/pi/local-first-legend-state/api/src/app.ts": {"path":"/Users/luma/www/pi/local-first-legend-state/api/src/app.ts","statementMap":{"0":{"start":{"line":1,"column":0},"end":{"line":1,"column":47}},"1":{"start":{"line":2,"column":0},"end":{"line":2,"column":24}},"2":{"start":{"line":3,"column":0},"end":{"line":3,"column":28}},"3":{"start":{"line":4,"column":0},"end":{"line":4,"column":28}},"4":{"start":{"line":5,"column":0},"end":{"line":5,"column":43}},"5":{"start":{"line":7,"column":0},"end":{"line":7,"column":28}},"6":{"start":{"line":8,"column":0},"end":{"line":8,"column":47}},"7":{"start":{"line":9,"column":0},"end":{"line":9,"column":70}},"8":{"start":{"line":10,"column":0},"end":{"line":10,"column":61}},"9":{"start":{"line":11,"column":0},"end":{"line":11,"column":46}},"10":{"start":{"line":14,"column":0},"end":{"line":14,"column":16}},"11":{"start":{"line":16,"column":25},"end":{"line":16,"column":34}},"12":{"start":{"line":19,"column":0},"end":{"line":19,"column":18}},"13":{"start":{"line":20,"column":0},"end":{"line":20,"column":16}},"14":{"start":{"line":23,"column":0},"end":{"line":23,"column":24}},"15":{"start":{"line":24,"column":0},"end":{"line":24,"column":48}},"16":{"start":{"line":27,"column":0},"end":{"line":27,"column":23}},"17":{"start":{"line":28,"column":0},"end":{"line":28,"column":23}},"18":{"start":{"line":31,"column":0},"end":{"line":31,"column":68}},"19":{"start":{"line":34,"column":0},"end":{"line":34,"column":28}},"20":{"start":{"line":37,"column":0},"end":{"line":39,"column":3}},"21":{"start":{"line":38,"column":2},"end":{"line":38,"column":78}},"22":{"start":{"line":42,"column":0},"end":{"line":42,"column":25}},"23":{"start":{"line":45,"column":0},"end":{"line":45,"column":22}},"24":{"start":{"line":47,"column":0},"end":{"line":47,"column":19}}},"fnMap":{"0":{"name":"(anonymous_1)","decl":{"start":{"line":37,"column":19},"end":{"line":37,"column":20}},"loc":{"start":{"line":37,"column":32},"end":{"line":39,"column":1}}}},"branchMap":{},"s":{"0":1,"1":1,"2":1,"3":1,"4":1,"5":1,"6":1,"7":1,"8":1,"9":1,"10":1,"11":1,"12":1,"13":1,"14":1,"15":1,"16":1,"17":1,"18":1,"19":1,"20":1,"21":0,"22":1,"23":1,"24":1},"f":{"0":0},"b":{}}
,"/Users/luma/www/pi/local-first-legend-state/api/src/server.ts": {"path":"/Users/luma/www/pi/local-first-legend-state/api/src/server.ts","statementMap":{"0":{"start":{"line":1,"column":0},"end":{"line":1,"column":24}},"1":{"start":{"line":2,"column":0},"end":{"line":2,"column":36}},"2":{"start":{"line":4,"column":13},"end":{"line":4,"column":37}},"3":{"start":{"line":6,"column":15},"end":{"line":9,"column":2}},"4":{"start":{"line":7,"column":2},"end":{"line":7,"column":48}},"5":{"start":{"line":8,"column":2},"end":{"line":8,"column":82}},"6":{"start":{"line":11,"column":0},"end":{"line":17,"column":3}},"7":{"start":{"line":12,"column":2},"end":{"line":12,"column":62}},"8":{"start":{"line":13,"column":2},"end":{"line":16,"column":5}},"9":{"start":{"line":14,"column":4},"end":{"line":14,"column":38}},"10":{"start":{"line":15,"column":4},"end":{"line":15,"column":20}},"11":{"start":{"line":19,"column":0},"end":{"line":25,"column":3}},"12":{"start":{"line":20,"column":2},"end":{"line":20,"column":61}},"13":{"start":{"line":21,"column":2},"end":{"line":24,"column":5}},"14":{"start":{"line":22,"column":4},"end":{"line":22,"column":38}},"15":{"start":{"line":23,"column":4},"end":{"line":23,"column":20}},"16":{"start":{"line":27,"column":0},"end":{"line":30,"column":3}},"17":{"start":{"line":28,"column":2},"end":{"line":28,"column":45}},"18":{"start":{"line":29,"column":2},"end":{"line":29,"column":18}},"19":{"start":{"line":32,"column":0},"end":{"line":35,"column":3}},"20":{"start":{"line":33,"column":2},"end":{"line":33,"column":47}},"21":{"start":{"line":34,"column":2},"end":{"line":34,"column":18}},"22":{"start":{"line":37,"column":0},"end":{"line":37,"column":22}}},"fnMap":{"0":{"name":"(anonymous_1)","decl":{"start":{"line":6,"column":32},"end":{"line":6,"column":35}},"loc":{"start":{"line":6,"column":37},"end":{"line":9,"column":1}}},"1":{"name":"(anonymous_2)","decl":{"start":{"line":11,"column":22},"end":{"line":11,"column":25}},"loc":{"start":{"line":11,"column":27},"end":{"line":17,"column":1}}},"2":{"name":"(anonymous_3)","decl":{"start":{"line":13,"column":15},"end":{"line":13,"column":18}},"loc":{"start":{"line":13,"column":20},"end":{"line":16,"column":3}}},"3":{"name":"(anonymous_4)","decl":{"start":{"line":19,"column":21},"end":{"line":19,"column":24}},"loc":{"start":{"line":19,"column":26},"end":{"line":25,"column":1}}},"4":{"name":"(anonymous_5)","decl":{"start":{"line":21,"column":15},"end":{"line":21,"column":18}},"loc":{"start":{"line":21,"column":20},"end":{"line":24,"column":3}}},"5":{"name":"(anonymous_6)","decl":{"start":{"line":27,"column":32},"end":{"line":27,"column":33}},"loc":{"start":{"line":27,"column":49},"end":{"line":30,"column":1}}},"6":{"name":"(anonymous_7)","decl":{"start":{"line":32,"column":33},"end":{"line":32,"column":34}},"loc":{"start":{"line":32,"column":53},"end":{"line":35,"column":1}}}},"branchMap":{"0":{"loc":{"start":{"line":4,"column":13},"end":{"line":4,"column":37}},"type":"binary-expr","locations":[{"start":{"line":4,"column":13},"end":{"line":4,"column":29}},{"start":{"line":4,"column":33},"end":{"line":4,"column":37}}]}},"s":{"0":0,"1":0,"2":0,"3":0,"4":0,"5":0,"6":0,"7":0,"8":0,"9":0,"10":0,"11":0,"12":0,"13":0,"14":0,"15":0,"16":0,"17":0,"18":0,"19":0,"20":0,"21":0,"22":0},"f":{"0":0,"1":0,"2":0,"3":0,"4":0,"5":0,"6":0},"b":{"0":[0,0]}}
,"/Users/luma/www/pi/local-first-legend-state/api/src/config/swagger.ts": {"path":"/Users/luma/www/pi/local-first-legend-state/api/src/config/swagger.ts","statementMap":{"0":{"start":{"line":1,"column":0},"end":{"line":1,"column":41}},"1":{"start":{"line":3,"column":16},"end":{"line":19,"column":2}},"2":{"start":{"line":21,"column":13},"end":{"line":21,"column":49}}},"fnMap":{},"branchMap":{},"s":{"0":1,"1":1,"2":1},"f":{},"b":{}}
,"/Users/luma/www/pi/local-first-legend-state/api/src/controllers/post.controller.ts": {"path":"/Users/luma/www/pi/local-first-legend-state/api/src/controllers/post.controller.ts","statementMap":{"0":{"start":{"line":2,"column":0},"end":{"line":2,"column":55}},"1":{"start":{"line":4,"column":0},"end":{"line":4,"column":50}},"2":{"start":{"line":6,"column":13},"end":{"line":173,"column":2}},"3":{"start":{"line":17,"column":4},"end":{"line":25,"column":5}},"4":{"start":{"line":18,"column":20},"end":{"line":18,"column":45}},"5":{"start":{"line":19,"column":6},"end":{"line":22,"column":9}},"6":{"start":{"line":24,"column":6},"end":{"line":24,"column":18}},"7":{"start":{"line":46,"column":4},"end":{"line":55,"column":5}},"8":{"start":{"line":47,"column":21},"end":{"line":47,"column":31}},"9":{"start":{"line":48,"column":19},"end":{"line":48,"column":46}},"10":{"start":{"line":49,"column":6},"end":{"line":52,"column":9}},"11":{"start":{"line":54,"column":6},"end":{"line":54,"column":18}},"12":{"start":{"line":80,"column":4},"end":{"line":96,"column":5}},"13":{"start":{"line":81,"column":41},"end":{"line":81,"column":49}},"14":{"start":{"line":83,"column":6},"end":{"line":85,"column":7}},"15":{"start":{"line":84,"column":8},"end":{"line":84,"column":100}},"16":{"start":{"line":87,"column":38},"end":{"line":87,"column":64}},"17":{"start":{"line":88,"column":22},"end":{"line":88,"column":54}},"18":{"start":{"line":90,"column":6},"end":{"line":93,"column":9}},"19":{"start":{"line":95,"column":6},"end":{"line":95,"column":18}},"20":{"start":{"line":123,"column":4},"end":{"line":144,"column":5}},"21":{"start":{"line":124,"column":21},"end":{"line":124,"column":31}},"22":{"start":{"line":125,"column":41},"end":{"line":125,"column":49}},"23":{"start":{"line":127,"column":6},"end":{"line":129,"column":7}},"24":{"start":{"line":128,"column":8},"end":{"line":128,"column":99}},"25":{"start":{"line":131,"column":38},"end":{"line":131,"column":40}},"26":{"start":{"line":132,"column":6},"end":{"line":132,"column":40}},"27":{"start":{"line":132,"column":17},"end":{"line":132,"column":40}},"28":{"start":{"line":133,"column":6},"end":{"line":133,"column":46}},"29":{"start":{"line":133,"column":19},"end":{"line":133,"column":46}},"30":{"start":{"line":134,"column":6},"end":{"line":134,"column":43}},"31":{"start":{"line":134,"column":18},"end":{"line":134,"column":43}},"32":{"start":{"line":136,"column":26},"end":{"line":136,"column":62}},"33":{"start":{"line":138,"column":6},"end":{"line":141,"column":9}},"34":{"start":{"line":143,"column":6},"end":{"line":143,"column":18}},"35":{"start":{"line":165,"column":4},"end":{"line":171,"column":5}},"36":{"start":{"line":166,"column":21},"end":{"line":166,"column":31}},"37":{"start":{"line":167,"column":6},"end":{"line":167,"column":33}},"38":{"start":{"line":168,"column":6},"end":{"line":168,"column":29}},"39":{"start":{"line":170,"column":6},"end":{"line":170,"column":18}}},"fnMap":{"0":{"name":"(anonymous_0)","decl":{"start":{"line":16,"column":15},"end":{"line":16,"column":20}},"loc":{"start":{"line":16,"column":73},"end":{"line":26,"column":3}}},"1":{"name":"(anonymous_1)","decl":{"start":{"line":45,"column":15},"end":{"line":45,"column":20}},"loc":{"start":{"line":45,"column":73},"end":{"line":56,"column":3}}},"2":{"name":"(anonymous_2)","decl":{"start":{"line":79,"column":14},"end":{"line":79,"column":19}},"loc":{"start":{"line":79,"column":72},"end":{"line":97,"column":3}}},"3":{"name":"(anonymous_3)","decl":{"start":{"line":122,"column":14},"end":{"line":122,"column":19}},"loc":{"start":{"line":122,"column":72},"end":{"line":145,"column":3}}},"4":{"name":"(anonymous_4)","decl":{"start":{"line":164,"column":14},"end":{"line":164,"column":19}},"loc":{"start":{"line":164,"column":72},"end":{"line":172,"column":3}}}},"branchMap":{"0":{"loc":{"start":{"line":83,"column":6},"end":{"line":85,"column":7}},"type":"if","locations":[{"start":{"line":83,"column":6},"end":{"line":85,"column":7}}]},"1":{"loc":{"start":{"line":83,"column":10},"end":{"line":83,"column":39}},"type":"binary-expr","locations":[{"start":{"line":83,"column":10},"end":{"line":83,"column":16}},{"start":{"line":83,"column":20},"end":{"line":83,"column":28}},{"start":{"line":83,"column":32},"end":{"line":83,"column":39}}]},"2":{"loc":{"start":{"line":127,"column":6},"end":{"line":129,"column":7}},"type":"if","locations":[{"start":{"line":127,"column":6},"end":{"line":129,"column":7}}]},"3":{"loc":{"start":{"line":127,"column":10},"end":{"line":127,"column":39}},"type":"binary-expr","locations":[{"start":{"line":127,"column":10},"end":{"line":127,"column":16}},{"start":{"line":127,"column":20},"end":{"line":127,"column":28}},{"start":{"line":127,"column":32},"end":{"line":127,"column":39}}]},"4":{"loc":{"start":{"line":132,"column":6},"end":{"line":132,"column":40}},"type":"if","locations":[{"start":{"line":132,"column":6},"end":{"line":132,"column":40}}]},"5":{"loc":{"start":{"line":133,"column":6},"end":{"line":133,"column":46}},"type":"if","locations":[{"start":{"line":133,"column":6},"end":{"line":133,"column":46}}]},"6":{"loc":{"start":{"line":134,"column":6},"end":{"line":134,"column":43}},"type":"if","locations":[{"start":{"line":134,"column":6},"end":{"line":134,"column":43}}]}},"s":{"0":1,"1":1,"2":1,"3":2,"4":2,"5":2,"6":0,"7":3,"8":3,"9":3,"10":1,"11":2,"12":7,"13":7,"14":7,"15":1,"16":6,"17":6,"18":6,"19":1,"20":3,"21":3,"22":3,"23":3,"24":1,"25":2,"26":2,"27":2,"28":2,"29":1,"30":2,"31":0,"32":2,"33":1,"34":2,"35":2,"36":2,"37":2,"38":1,"39":1},"f":{"0":2,"1":3,"2":7,"3":3,"4":2},"b":{"0":[1],"1":[7,7,6],"2":[1],"3":[3,1,1],"4":[2],"5":[1],"6":[0]}}
,"/Users/luma/www/pi/local-first-legend-state/api/src/middlewares/request-logger.ts": {"path":"/Users/luma/www/pi/local-first-legend-state/api/src/middlewares/request-logger.ts","statementMap":{"0":{"start":{"line":2,"column":0},"end":{"line":2,"column":37}},"1":{"start":{"line":4,"column":29},"end":{"line":34,"column":1}},"2":{"start":{"line":5,"column":20},"end":{"line":5,"column":63}},"3":{"start":{"line":7,"column":2},"end":{"line":7,"column":42}},"4":{"start":{"line":9,"column":2},"end":{"line":15,"column":5}},"5":{"start":{"line":17,"column":16},"end":{"line":17,"column":26}},"6":{"start":{"line":19,"column":22},"end":{"line":29,"column":3}},"7":{"start":{"line":20,"column":21},"end":{"line":20,"column":39}},"8":{"start":{"line":22,"column":4},"end":{"line":28,"column":7}},"9":{"start":{"line":31,"column":2},"end":{"line":31,"column":32}},"10":{"start":{"line":33,"column":2},"end":{"line":33,"column":9}},"11":{"start":{"line":4,"column":13},"end":{"line":4,"column":29}}},"fnMap":{"0":{"name":"(anonymous_1)","decl":{"start":{"line":4,"column":29},"end":{"line":4,"column":30}},"loc":{"start":{"line":4,"column":81},"end":{"line":34,"column":1}}},"1":{"name":"(anonymous_2)","decl":{"start":{"line":19,"column":22},"end":{"line":19,"column":25}},"loc":{"start":{"line":19,"column":27},"end":{"line":29,"column":3}}}},"branchMap":{},"s":{"0":1,"1":1,"2":17,"3":17,"4":17,"5":17,"6":17,"7":17,"8":17,"9":17,"10":17,"11":1},"f":{"0":17,"1":17},"b":{}}
,"/Users/luma/www/pi/local-first-legend-state/api/src/repositories/post.repository.ts": {"path":"/Users/luma/www/pi/local-first-legend-state/api/src/repositories/post.repository.ts","statementMap":{"0":{"start":{"line":1,"column":0},"end":{"line":1,"column":36}},"1":{"start":{"line":3,"column":0},"end":{"line":3,"column":50}},"2":{"start":{"line":5,"column":20},"end":{"line":5,"column":22}},"3":{"start":{"line":7,"column":13},"end":{"line":64,"column":2}},"4":{"start":{"line":9,"column":4},"end":{"line":9,"column":17}},"5":{"start":{"line":13,"column":17},"end":{"line":13,"column":51}},"6":{"start":{"line":13,"column":36},"end":{"line":13,"column":50}},"7":{"start":{"line":14,"column":4},"end":{"line":16,"column":5}},"8":{"start":{"line":15,"column":6},"end":{"line":15,"column":62}},"9":{"start":{"line":17,"column":4},"end":{"line":17,"column":16}},"10":{"start":{"line":21,"column":16},"end":{"line":21,"column":26}},"11":{"start":{"line":22,"column":26},"end":{"line":27,"column":6}},"12":{"start":{"line":29,"column":4},"end":{"line":29,"column":24}},"13":{"start":{"line":30,"column":4},"end":{"line":30,"column":19}},"14":{"start":{"line":34,"column":22},"end":{"line":34,"column":61}},"15":{"start":{"line":34,"column":46},"end":{"line":34,"column":60}},"16":{"start":{"line":36,"column":4},"end":{"line":38,"column":5}},"17":{"start":{"line":37,"column":6},"end":{"line":37,"column":62}},"18":{"start":{"line":40,"column":30},"end":{"line":44,"column":6}},"19":{"start":{"line":46,"column":4},"end":{"line":46,"column":35}},"20":{"start":{"line":47,"column":4},"end":{"line":47,"column":23}},"21":{"start":{"line":51,"column":22},"end":{"line":51,"column":61}},"22":{"start":{"line":51,"column":46},"end":{"line":51,"column":60}},"23":{"start":{"line":53,"column":4},"end":{"line":55,"column":5}},"24":{"start":{"line":54,"column":6},"end":{"line":54,"column":62}},"25":{"start":{"line":57,"column":4},"end":{"line":57,"column":31}},"26":{"start":{"line":62,"column":4},"end":{"line":62,"column":15}}},"fnMap":{"0":{"name":"(anonymous_0)","decl":{"start":{"line":8,"column":11},"end":{"line":8,"column":22}},"loc":{"start":{"line":8,"column":24},"end":{"line":10,"column":3}}},"1":{"name":"(anonymous_1)","decl":{"start":{"line":12,"column":12},"end":{"line":12,"column":13}},"loc":{"start":{"line":12,"column":33},"end":{"line":18,"column":3}}},"2":{"name":"(anonymous_2)","decl":{"start":{"line":13,"column":28},"end":{"line":13,"column":32}},"loc":{"start":{"line":13,"column":36},"end":{"line":13,"column":50}}},"3":{"name":"(anonymous_3)","decl":{"start":{"line":20,"column":10},"end":{"line":20,"column":11}},"loc":{"start":{"line":20,"column":44},"end":{"line":31,"column":3}}},"4":{"name":"(anonymous_4)","decl":{"start":{"line":33,"column":10},"end":{"line":33,"column":11}},"loc":{"start":{"line":33,"column":56},"end":{"line":48,"column":3}}},"5":{"name":"(anonymous_5)","decl":{"start":{"line":34,"column":38},"end":{"line":34,"column":42}},"loc":{"start":{"line":34,"column":46},"end":{"line":34,"column":60}}},"6":{"name":"(anonymous_6)","decl":{"start":{"line":50,"column":10},"end":{"line":50,"column":11}},"loc":{"start":{"line":50,"column":31},"end":{"line":58,"column":3}}},"7":{"name":"(anonymous_7)","decl":{"start":{"line":51,"column":38},"end":{"line":51,"column":42}},"loc":{"start":{"line":51,"column":46},"end":{"line":51,"column":60}}},"8":{"name":"(anonymous_8)","decl":{"start":{"line":61,"column":9},"end":{"line":61,"column":18}},"loc":{"start":{"line":61,"column":20},"end":{"line":63,"column":3}}}},"branchMap":{"0":{"loc":{"start":{"line":14,"column":4},"end":{"line":16,"column":5}},"type":"if","locations":[{"start":{"line":14,"column":4},"end":{"line":16,"column":5}}]},"1":{"loc":{"start":{"line":36,"column":4},"end":{"line":38,"column":5}},"type":"if","locations":[{"start":{"line":36,"column":4},"end":{"line":38,"column":5}}]},"2":{"loc":{"start":{"line":53,"column":4},"end":{"line":55,"column":5}},"type":"if","locations":[{"start":{"line":53,"column":4},"end":{"line":55,"column":5}}]}},"s":{"0":1,"1":1,"2":1,"3":1,"4":2,"5":3,"6":1,"7":3,"8":2,"9":1,"10":6,"11":6,"12":6,"13":6,"14":2,"15":1,"16":2,"17":1,"18":1,"19":1,"20":1,"21":2,"22":1,"23":2,"24":1,"25":1,"26":11},"f":{"0":2,"1":3,"2":1,"3":6,"4":2,"5":1,"6":2,"7":1,"8":11},"b":{"0":[2],"1":[1],"2":[1]}}
,"/Users/luma/www/pi/local-first-legend-state/api/src/routes/post.routes.ts": {"path":"/Users/luma/www/pi/local-first-legend-state/api/src/routes/post.routes.ts","statementMap":{"0":{"start":{"line":1,"column":0},"end":{"line":1,"column":33}},"1":{"start":{"line":2,"column":0},"end":{"line":2,"column":64}},"2":{"start":{"line":4,"column":15},"end":{"line":4,"column":23}},"3":{"start":{"line":14,"column":0},"end":{"line":14,"column":49}},"4":{"start":{"line":17,"column":0},"end":{"line":17,"column":53}},"5":{"start":{"line":20,"column":0},"end":{"line":20,"column":49}},"6":{"start":{"line":23,"column":0},"end":{"line":23,"column":52}},"7":{"start":{"line":26,"column":0},"end":{"line":26,"column":55}},"8":{"start":{"line":28,"column":0},"end":{"line":28,"column":22}}},"fnMap":{},"branchMap":{},"s":{"0":1,"1":1,"2":1,"3":1,"4":1,"5":1,"6":1,"7":1,"8":1},"f":{},"b":{}}
,"/Users/luma/www/pi/local-first-legend-state/api/src/services/post.service.ts": {"path":"/Users/luma/www/pi/local-first-legend-state/api/src/services/post.service.ts","statementMap":{"0":{"start":{"line":1,"column":0},"end":{"line":1,"column":65}},"1":{"start":{"line":3,"column":0},"end":{"line":3,"column":37}},"2":{"start":{"line":5,"column":13},"end":{"line":34,"column":2}},"3":{"start":{"line":7,"column":4},"end":{"line":7,"column":37}},"4":{"start":{"line":8,"column":18},"end":{"line":8,"column":42}},"5":{"start":{"line":9,"column":4},"end":{"line":9,"column":41}},"6":{"start":{"line":13,"column":4},"end":{"line":13,"column":47}},"7":{"start":{"line":14,"column":17},"end":{"line":14,"column":44}},"8":{"start":{"line":15,"column":4},"end":{"line":15,"column":36}},"9":{"start":{"line":19,"column":4},"end":{"line":19,"column":57}},"10":{"start":{"line":20,"column":20},"end":{"line":20,"column":51}},"11":{"start":{"line":21,"column":4},"end":{"line":21,"column":39}},"12":{"start":{"line":25,"column":4},"end":{"line":25,"column":68}},"13":{"start":{"line":26,"column":24},"end":{"line":26,"column":59}},"14":{"start":{"line":27,"column":4},"end":{"line":27,"column":43}},"15":{"start":{"line":31,"column":4},"end":{"line":31,"column":48}},"16":{"start":{"line":32,"column":4},"end":{"line":32,"column":30}},"17":{"start":{"line":36,"column":27},"end":{"line":45,"column":1}},"18":{"start":{"line":37,"column":2},"end":{"line":44,"column":4}}},"fnMap":{"0":{"name":"(anonymous_1)","decl":{"start":{"line":6,"column":15},"end":{"line":6,"column":34}},"loc":{"start":{"line":6,"column":36},"end":{"line":10,"column":3}}},"1":{"name":"(anonymous_2)","decl":{"start":{"line":12,"column":15},"end":{"line":12,"column":16}},"loc":{"start":{"line":12,"column":44},"end":{"line":16,"column":3}}},"2":{"name":"(anonymous_3)","decl":{"start":{"line":18,"column":14},"end":{"line":18,"column":15}},"loc":{"start":{"line":18,"column":56},"end":{"line":22,"column":3}}},"3":{"name":"(anonymous_4)","decl":{"start":{"line":24,"column":14},"end":{"line":24,"column":15}},"loc":{"start":{"line":24,"column":68},"end":{"line":28,"column":3}}},"4":{"name":"(anonymous_5)","decl":{"start":{"line":30,"column":14},"end":{"line":30,"column":15}},"loc":{"start":{"line":30,"column":35},"end":{"line":33,"column":3}}},"5":{"name":"(anonymous_6)","decl":{"start":{"line":36,"column":27},"end":{"line":36,"column":28}},"loc":{"start":{"line":36,"column":56},"end":{"line":45,"column":1}}}},"branchMap":{},"s":{"0":1,"1":1,"2":1,"3":2,"4":2,"5":2,"6":3,"7":3,"8":1,"9":6,"10":6,"11":6,"12":2,"13":2,"14":1,"15":2,"16":2,"17":1,"18":9},"f":{"0":2,"1":3,"2":6,"3":2,"4":2,"5":9},"b":{}}
,"/Users/luma/www/pi/local-first-legend-state/api/src/utils/error-handler.ts": {"path":"/Users/luma/www/pi/local-first-legend-state/api/src/utils/error-handler.ts","statementMap":{"0":{"start":{"line":2,"column":0},"end":{"line":2,"column":30}},"1":{"start":{"line":8,"column":4},"end":{"line":8,"column":19}},"2":{"start":{"line":9,"column":4},"end":{"line":9,"column":33}},"3":{"start":{"line":10,"column":4},"end":{"line":10,"column":38}},"4":{"start":{"line":11,"column":4},"end":{"line":11,"column":52}},"5":{"start":{"line":4,"column":0},"end":{"line":4,"column":13}},"6":{"start":{"line":15,"column":28},"end":{"line":45,"column":1}},"7":{"start":{"line":21,"column":2},"end":{"line":33,"column":3}},"8":{"start":{"line":22,"column":4},"end":{"line":26,"column":7}},"9":{"start":{"line":28,"column":4},"end":{"line":32,"column":7}},"10":{"start":{"line":35,"column":2},"end":{"line":38,"column":5}},"11":{"start":{"line":40,"column":2},"end":{"line":44,"column":5}},"12":{"start":{"line":15,"column":13},"end":{"line":15,"column":28}},"13":{"start":{"line":47,"column":31},"end":{"line":54,"column":1}},"14":{"start":{"line":48,"column":2},"end":{"line":48,"column":53}},"15":{"start":{"line":49,"column":2},"end":{"line":53,"column":5}},"16":{"start":{"line":47,"column":13},"end":{"line":47,"column":31}}},"fnMap":{"0":{"name":"(anonymous_1)","decl":{"start":{"line":7,"column":2},"end":{"line":7,"column":14}},"loc":{"start":{"line":7,"column":49},"end":{"line":12,"column":3}}},"1":{"name":"(anonymous_2)","decl":{"start":{"line":15,"column":28},"end":{"line":15,"column":null}},"loc":{"start":{"line":20,"column":4},"end":{"line":45,"column":1}}},"2":{"name":"(anonymous_3)","decl":{"start":{"line":47,"column":31},"end":{"line":47,"column":32}},"loc":{"start":{"line":47,"column":63},"end":{"line":54,"column":1}}}},"branchMap":{"0":{"loc":{"start":{"line":21,"column":2},"end":{"line":33,"column":3}},"type":"if","locations":[{"start":{"line":21,"column":2},"end":{"line":33,"column":3}}]}},"s":{"0":1,"1":6,"2":6,"3":6,"4":6,"5":1,"6":1,"7":6,"8":6,"9":6,"10":0,"11":0,"12":1,"13":1,"14":0,"15":0,"16":1},"f":{"0":6,"1":6,"2":0},"b":{"0":[6]}}
,"/Users/luma/www/pi/local-first-legend-state/api/src/utils/logger.ts": {"path":"/Users/luma/www/pi/local-first-legend-state/api/src/utils/logger.ts","statementMap":{"0":{"start":{"line":1,"column":0},"end":{"line":1,"column":30}},"1":{"start":{"line":3,"column":15},"end":{"line":22,"column":2}},"2":{"start":{"line":15,"column":10},"end":{"line":17,"column":13}},"3":{"start":{"line":24,"column":0},"end":{"line":24,"column":22}}},"fnMap":{"0":{"name":"(anonymous_1)","decl":{"start":{"line":14,"column":30},"end":{"line":14,"column":31}},"loc":{"start":{"line":14,"column":73},"end":{"line":18,"column":9}}}},"branchMap":{"0":{"loc":{"start":{"line":4,"column":9},"end":{"line":4,"column":40}},"type":"binary-expr","locations":[{"start":{"line":4,"column":9},"end":{"line":4,"column":30}},{"start":{"line":4,"column":34},"end":{"line":4,"column":40}}]},"1":{"loc":{"start":{"line":16,"column":12},"end":{"line":16,"column":null}},"type":"cond-expr","locations":[{"start":{"line":16,"column":39},"end":{"line":16,"column":59}},{"start":{"line":16,"column":62},"end":{"line":16,"column":null}}]}},"s":{"0":1,"1":1,"2":55,"3":1},"f":{"0":55},"b":{"0":[1,1],"1":[48,7]}}
}
