TN:
SF:src/app.ts
FN:37,(anonymous_1)
FNF:1
FNH:0
FNDA:0,(anonymous_1)
DA:1,1
DA:2,1
DA:3,1
DA:4,1
DA:5,1
DA:7,1
DA:8,1
DA:9,1
DA:10,1
DA:11,1
DA:14,1
DA:16,1
DA:19,1
DA:20,1
DA:23,1
DA:24,1
DA:27,1
DA:28,1
DA:31,1
DA:34,1
DA:37,1
DA:38,0
DA:42,1
DA:45,1
DA:47,1
LF:25
LH:24
BRF:0
BRH:0
end_of_record
TN:
SF:src/server.ts
FN:6,(anonymous_1)
FN:11,(anonymous_2)
FN:13,(anonymous_3)
FN:19,(anonymous_4)
FN:21,(anonymous_5)
FN:27,(anonymous_6)
FN:32,(anonymous_7)
FNF:7
FNH:0
FNDA:0,(anonymous_1)
FNDA:0,(anonymous_2)
FNDA:0,(anonymous_3)
FNDA:0,(anonymous_4)
FNDA:0,(anonymous_5)
FNDA:0,(anonymous_6)
FNDA:0,(anonymous_7)
DA:1,0
DA:2,0
DA:4,0
DA:6,0
DA:7,0
DA:8,0
DA:11,0
DA:12,0
DA:13,0
DA:14,0
DA:15,0
DA:19,0
DA:20,0
DA:21,0
DA:22,0
DA:23,0
DA:27,0
DA:28,0
DA:29,0
DA:32,0
DA:33,0
DA:34,0
DA:37,0
LF:23
LH:0
BRDA:4,0,0,0
BRDA:4,0,1,0
BRF:2
BRH:0
end_of_record
TN:
SF:src/config/swagger.ts
FNF:0
FNH:0
DA:1,1
DA:3,1
DA:21,1
LF:3
LH:3
BRF:0
BRH:0
end_of_record
TN:
SF:src/controllers/post.controller.ts
FN:16,(anonymous_0)
FN:45,(anonymous_1)
FN:79,(anonymous_2)
FN:122,(anonymous_3)
FN:164,(anonymous_4)
FNF:5
FNH:5
FNDA:2,(anonymous_0)
FNDA:3,(anonymous_1)
FNDA:7,(anonymous_2)
FNDA:3,(anonymous_3)
FNDA:2,(anonymous_4)
DA:2,1
DA:4,1
DA:6,1
DA:17,2
DA:18,2
DA:19,2
DA:24,0
DA:46,3
DA:47,3
DA:48,3
DA:49,1
DA:54,2
DA:80,7
DA:81,7
DA:83,7
DA:84,1
DA:87,6
DA:88,6
DA:90,6
DA:95,1
DA:123,3
DA:124,3
DA:125,3
DA:127,3
DA:128,1
DA:131,2
DA:132,2
DA:133,2
DA:134,2
DA:136,2
DA:138,1
DA:143,2
DA:165,2
DA:166,2
DA:167,2
DA:168,1
DA:170,1
LF:37
LH:36
BRDA:83,0,0,1
BRDA:83,1,0,7
BRDA:83,1,1,7
BRDA:83,1,2,6
BRDA:127,2,0,1
BRDA:127,3,0,3
BRDA:127,3,1,1
BRDA:127,3,2,1
BRDA:132,4,0,2
BRDA:133,5,0,1
BRDA:134,6,0,0
BRF:11
BRH:10
end_of_record
TN:
SF:src/middlewares/request-logger.ts
FN:4,(anonymous_1)
FN:19,(anonymous_2)
FNF:2
FNH:2
FNDA:17,(anonymous_1)
FNDA:17,(anonymous_2)
DA:2,1
DA:4,1
DA:5,17
DA:7,17
DA:9,17
DA:17,17
DA:19,17
DA:20,17
DA:22,17
DA:31,17
DA:33,17
LF:11
LH:11
BRF:0
BRH:0
end_of_record
TN:
SF:src/repositories/post.repository.ts
FN:8,(anonymous_0)
FN:12,(anonymous_1)
FN:13,(anonymous_2)
FN:20,(anonymous_3)
FN:33,(anonymous_4)
FN:34,(anonymous_5)
FN:50,(anonymous_6)
FN:51,(anonymous_7)
FN:61,(anonymous_8)
FNF:9
FNH:9
FNDA:2,(anonymous_0)
FNDA:3,(anonymous_1)
FNDA:1,(anonymous_2)
FNDA:6,(anonymous_3)
FNDA:2,(anonymous_4)
FNDA:1,(anonymous_5)
FNDA:2,(anonymous_6)
FNDA:1,(anonymous_7)
FNDA:11,(anonymous_8)
DA:1,1
DA:3,1
DA:5,1
DA:7,1
DA:9,2
DA:13,3
DA:14,3
DA:15,2
DA:17,1
DA:21,6
DA:22,6
DA:29,6
DA:30,6
DA:34,2
DA:36,2
DA:37,1
DA:40,1
DA:46,1
DA:47,1
DA:51,2
DA:53,2
DA:54,1
DA:57,1
DA:62,11
LF:24
LH:24
BRDA:14,0,0,2
BRDA:36,1,0,1
BRDA:53,2,0,1
BRF:3
BRH:3
end_of_record
TN:
SF:src/routes/post.routes.ts
FNF:0
FNH:0
DA:1,1
DA:2,1
DA:4,1
DA:14,1
DA:17,1
DA:20,1
DA:23,1
DA:26,1
DA:28,1
LF:9
LH:9
BRF:0
BRH:0
end_of_record
TN:
SF:src/services/post.service.ts
FN:6,(anonymous_1)
FN:12,(anonymous_2)
FN:18,(anonymous_3)
FN:24,(anonymous_4)
FN:30,(anonymous_5)
FN:36,(anonymous_6)
FNF:6
FNH:6
FNDA:2,(anonymous_1)
FNDA:3,(anonymous_2)
FNDA:6,(anonymous_3)
FNDA:2,(anonymous_4)
FNDA:2,(anonymous_5)
FNDA:9,(anonymous_6)
DA:1,1
DA:3,1
DA:5,1
DA:7,2
DA:8,2
DA:9,2
DA:13,3
DA:14,3
DA:15,1
DA:19,6
DA:20,6
DA:21,6
DA:25,2
DA:26,2
DA:27,1
DA:31,2
DA:32,2
DA:36,1
DA:37,9
LF:19
LH:19
BRF:0
BRH:0
end_of_record
TN:
SF:src/utils/error-handler.ts
FN:7,(anonymous_1)
FN:15,(anonymous_2)
FN:47,(anonymous_3)
FNF:3
FNH:2
FNDA:6,(anonymous_1)
FNDA:6,(anonymous_2)
FNDA:0,(anonymous_3)
DA:2,1
DA:4,1
DA:8,6
DA:9,6
DA:10,6
DA:11,6
DA:15,1
DA:21,6
DA:22,6
DA:28,6
DA:35,0
DA:40,0
DA:47,1
DA:48,0
DA:49,0
LF:15
LH:11
BRDA:21,0,0,6
BRF:1
BRH:1
end_of_record
TN:
SF:src/utils/logger.ts
FN:14,(anonymous_1)
FNF:1
FNH:1
FNDA:55,(anonymous_1)
DA:1,1
DA:3,1
DA:15,55
DA:24,1
LF:4
LH:4
BRDA:4,0,0,1
BRDA:4,0,1,1
BRDA:16,1,0,48
BRDA:16,1,1,7
BRF:4
BRH:4
end_of_record
